\BOOKMARK [0][-]{chapter*.1}{\376\377\000A\000c\000k\000n\000o\000w\000l\000e\000d\000g\000m\000e\000n\000t\000s}{}% 1
\BOOKMARK [0][-]{chapter*.2}{\376\377\000A\000b\000s\000t\000r\000a\000c\000t}{}% 2
\BOOKMARK [0][-]{chapter*.6}{\376\377\000L\000i\000s\000t\000\040\000o\000f\000\040\000A\000c\000r\000o\000n\000y\000m\000s}{}% 3
\BOOKMARK [0][-]{chapter*.7}{\376\377\000G\000e\000n\000e\000r\000a\000l\000\040\000I\000n\000t\000r\000o\000d\000u\000c\000t\000i\000o\000n}{}% 4
\BOOKMARK [0][-]{chapter.1}{\376\377\000G\000e\000n\000e\000r\000a\000l\000\040\000C\000o\000n\000t\000e\000x\000t\000\040\000o\000f\000\040\000t\000h\000e\000\040\000P\000r\000o\000j\000e\000c\000t}{}% 5
\BOOKMARK [1][-]{section.1.1}{\376\377\000I\000n\000t\000r\000o\000d\000u\000c\000t\000i\000o\000n}{chapter.1}% 6
\BOOKMARK [1][-]{section.1.2}{\376\377\000I\000n\000d\000u\000s\000t\000r\000i\000a\000l\000\040\000a\000n\000d\000\040\000a\000c\000a\000d\000e\000m\000i\000c\000\040\000c\000o\000n\000t\000e\000x\000t}{chapter.1}% 7
\BOOKMARK [1][-]{section.1.3}{\376\377\000H\000o\000s\000t\000\040\000o\000r\000g\000a\000n\000i\000z\000a\000t\000i\000o\000n}{chapter.1}% 8
\BOOKMARK [2][-]{subsection.1.3.1}{\376\377\000P\000r\000e\000s\000e\000n\000t\000a\000t\000i\000o\000n\000\040\000o\000f\000\040\000A\000c\000c\000e\000n\000t\000\040\000T\000u\000n\000i\000s\000i\000e}{section.1.3}% 9
\BOOKMARK [2][-]{subsection.1.3.2}{\376\377\000A\000c\000t\000i\000v\000i\000t\000i\000e\000s\000\040\000a\000n\000d\000\040\000b\000u\000s\000i\000n\000e\000s\000s\000\040\000a\000r\000e\000a\000s}{section.1.3}% 10
\BOOKMARK [2][-]{subsection.1.3.3}{\376\377\000O\000r\000g\000a\000n\000i\000z\000a\000t\000i\000o\000n\000a\000l\000\040\000s\000t\000r\000u\000c\000t\000u\000r\000e\000\040\000o\000f\000\040\000t\000h\000e\000\040\000i\000n\000t\000e\000r\000n\000s\000h\000i\000p}{section.1.3}% 11
\BOOKMARK [1][-]{section.1.4}{\376\377\000A\000n\000a\000l\000y\000s\000i\000s\000\040\000o\000f\000\040\000t\000h\000e\000\040\000e\000x\000i\000s\000t\000i\000n\000g\000\040\000s\000y\000s\000t\000e\000m}{chapter.1}% 12
\BOOKMARK [2][-]{subsection.1.4.1}{\376\377\000O\000p\000e\000r\000a\000t\000i\000o\000n\000a\000l\000\040\000l\000a\000n\000d\000s\000c\000a\000p\000e\000\040\000o\000f\000\040\000A\000c\000c\000e\000n\000t\000\040\000T\000u\000n\000i\000s\000i\000e}{section.1.4}% 13
\BOOKMARK [2][-]{subsection.1.4.2}{\376\377\000D\000e\000c\000o\000d\000i\000n\000g\000\040\000p\000i\000p\000e\000l\000i\000n\000e\000\040\000a\000n\000d\000\040\000d\000a\000t\000a\000\040\000f\000l\000o\000w}{section.1.4}% 14
\BOOKMARK [2][-]{subsection.1.4.3}{\376\377\000A\000n\000a\000l\000y\000t\000i\000c\000a\000l\000\040\000s\000u\000r\000f\000a\000c\000e\000\040\000o\000f\000\040\000t\000h\000e\000\040\000e\000x\000i\000s\000t\000i\000n\000g\000\040\000s\000y\000s\000t\000e\000m}{section.1.4}% 15
\BOOKMARK [2][-]{subsection.1.4.4}{\376\377\000I\000d\000e\000n\000t\000i\000f\000i\000e\000d\000\040\000l\000i\000m\000i\000t\000a\000t\000i\000o\000n\000s}{section.1.4}% 16
\BOOKMARK [2][-]{subsection.1.4.5}{\376\377\000S\000y\000n\000t\000h\000e\000s\000i\000s\000\040\000o\000f\000\040\000t\000h\000e\000\040\000d\000i\000a\000g\000n\000o\000s\000t\000i\000c}{section.1.4}% 17
\BOOKMARK [1][-]{section.1.5}{\376\377\000P\000r\000o\000b\000l\000e\000m\000\040\000s\000t\000a\000t\000e\000m\000e\000n\000t}{chapter.1}% 18
\BOOKMARK [1][-]{section.1.6}{\376\377\000P\000r\000o\000p\000o\000s\000e\000d\000\040\000s\000o\000l\000u\000t\000i\000o\000n}{chapter.1}% 19
\BOOKMARK [2][-]{subsection.1.6.1}{\376\377\000F\000u\000n\000c\000t\000i\000o\000n\000a\000l\000\040\000o\000u\000t\000l\000i\000n\000e}{section.1.6}% 20
\BOOKMARK [2][-]{subsection.1.6.2}{\376\377\000W\000h\000y\000\040\000a\000n\000\040\000a\000n\000a\000l\000y\000t\000i\000c\000a\000l\000\040\000P\000o\000s\000t\000g\000r\000e\000S\000Q\000L\000\040\000w\000a\000r\000e\000h\000o\000u\000s\000e\000?}{section.1.6}% 21
\BOOKMARK [2][-]{subsection.1.6.3}{\376\377\000W\000h\000y\000\040\000a\000\040\000M\000i\000c\000r\000o\000s\000o\000f\000t\000\040\000A\000z\000u\000r\000e\000\040\000v\000i\000r\000t\000u\000a\000l\000\040\000m\000a\000c\000h\000i\000n\000e\000?}{section.1.6}% 22
\BOOKMARK [2][-]{subsection.1.6.4}{\376\377\000A\000r\000c\000h\000i\000t\000e\000c\000t\000u\000r\000a\000l\000\040\000o\000u\000t\000l\000i\000n\000e}{section.1.6}% 23
\BOOKMARK [2][-]{subsection.1.6.5}{\376\377\000E\000x\000p\000e\000c\000t\000e\000d\000\040\000b\000e\000n\000e\000f\000i\000t\000s}{section.1.6}% 24
\BOOKMARK [1][-]{section.1.7}{\376\377\000P\000r\000o\000j\000e\000c\000t\000\040\000m\000a\000n\000a\000g\000e\000m\000e\000n\000t\000\040\000m\000e\000t\000h\000o\000d\000o\000l\000o\000g\000y}{chapter.1}% 25
\BOOKMARK [2][-]{subsection.1.7.1}{\376\377\000C\000o\000m\000p\000a\000r\000i\000s\000o\000n\000\040\000o\000f\000\040\000c\000a\000n\000d\000i\000d\000a\000t\000e\000\040\000m\000e\000t\000h\000o\000d\000o\000l\000o\000g\000i\000e\000s}{section.1.7}% 26
\BOOKMARK [2][-]{subsection.1.7.2}{\376\377\000J\000u\000s\000t\000i\000f\000i\000c\000a\000t\000i\000o\000n\000\040\000o\000f\000\040\000t\000h\000e\000\040\000c\000h\000o\000i\000c\000e\000\040\000o\000f\000\040\000C\000R\000I\000S\000P\000-\000D\000M}{section.1.7}% 27
\BOOKMARK [2][-]{subsection.1.7.3}{\376\377\000P\000r\000o\000j\000e\000c\000t\000\040\000p\000l\000a\000n\000\040\000a\000l\000o\000n\000g\000\040\000t\000h\000e\000\040\000s\000i\000x\000\040\000C\000R\000I\000S\000P\000-\000D\000M\000\040\000p\000h\000a\000s\000e\000s}{section.1.7}% 28
\BOOKMARK [1][-]{section.1.8}{\376\377\000C\000o\000n\000c\000l\000u\000s\000i\000o\000n}{chapter.1}% 29
\BOOKMARK [0][-]{chapter.2}{\376\377\000B\000u\000s\000i\000n\000e\000s\000s\000\040\000U\000n\000d\000e\000r\000s\000t\000a\000n\000d\000i\000n\000g\000,\000\040\000R\000e\000q\000u\000i\000r\000e\000m\000e\000n\000t\000s\000\040\000a\000n\000d\000\040\000A\000r\000c\000h\000i\000t\000e\000c\000t\000u\000r\000e}{}% 30
\BOOKMARK [1][-]{section.2.1}{\376\377\000I\000n\000t\000r\000o\000d\000u\000c\000t\000i\000o\000n}{chapter.2}% 31
\BOOKMARK [1][-]{section.2.2}{\376\377\000B\000u\000s\000i\000n\000e\000s\000s\000\040\000o\000b\000j\000e\000c\000t\000i\000v\000e\000s}{chapter.2}% 32
\BOOKMARK [2][-]{subsection.2.2.1}{\376\377\000S\000t\000r\000a\000t\000e\000g\000i\000c\000\040\000o\000b\000j\000e\000c\000t\000i\000v\000e\000s\000\040\000o\000f\000\040\000t\000h\000e\000\040\000h\000o\000s\000t\000\040\000o\000r\000g\000a\000n\000i\000z\000a\000t\000i\000o\000n}{section.2.2}% 33
\BOOKMARK [2][-]{subsection.2.2.2}{\376\377\000F\000r\000o\000m\000\040\000o\000b\000s\000e\000r\000v\000a\000t\000i\000o\000n\000\040\000t\000o\000\040\000a\000n\000t\000i\000c\000i\000p\000a\000t\000i\000o\000n}{section.2.2}% 34
\BOOKMARK [2][-]{subsection.2.2.3}{\376\377\000O\000p\000e\000r\000a\000t\000i\000o\000n\000a\000l\000\040\000o\000b\000j\000e\000c\000t\000i\000v\000e\000s\000\040\000o\000f\000\040\000t\000h\000e\000\040\000p\000r\000o\000j\000e\000c\000t}{section.2.2}% 35
\BOOKMARK [1][-]{section.2.3}{\376\377\000R\000e\000s\000e\000a\000r\000c\000h\000\040\000q\000u\000e\000s\000t\000i\000o\000n\000s}{chapter.2}% 36
\BOOKMARK [1][-]{section.2.4}{\376\377\000R\000e\000q\000u\000i\000r\000e\000m\000e\000n\000t\000s\000\040\000a\000n\000a\000l\000y\000s\000i\000s}{chapter.2}% 37
\BOOKMARK [2][-]{subsection.2.4.1}{\376\377\000F\000u\000n\000c\000t\000i\000o\000n\000a\000l\000\040\000r\000e\000q\000u\000i\000r\000e\000m\000e\000n\000t\000s}{section.2.4}% 38
\BOOKMARK [2][-]{subsection.2.4.2}{\376\377\000N\000o\000n\000-\000f\000u\000n\000c\000t\000i\000o\000n\000a\000l\000\040\000r\000e\000q\000u\000i\000r\000e\000m\000e\000n\000t\000s}{section.2.4}% 39
\BOOKMARK [2][-]{subsection.2.4.3}{\376\377\000U\000s\000e\000r\000\040\000p\000r\000o\000f\000i\000l\000e\000s}{section.2.4}% 40
\BOOKMARK [1][-]{section.2.5}{\376\377\000T\000a\000r\000g\000e\000t\000\040\000a\000r\000c\000h\000i\000t\000e\000c\000t\000u\000r\000e}{chapter.2}% 41
\BOOKMARK [2][-]{subsection.2.5.1}{\376\377\000L\000o\000g\000i\000c\000a\000l\000\040\000v\000i\000e\000w}{section.2.5}% 42
\BOOKMARK [2][-]{subsection.2.5.2}{\376\377\000P\000h\000y\000s\000i\000c\000a\000l\000\040\000v\000i\000e\000w\000\040\000o\000n\000\040\000M\000i\000c\000r\000o\000s\000o\000f\000t\000\040\000A\000z\000u\000r\000e}{section.2.5}% 43
\BOOKMARK [2][-]{subsection.2.5.3}{\376\377\000D\000a\000t\000a\000\040\000f\000l\000o\000w}{section.2.5}% 44
\BOOKMARK [2][-]{subsection.2.5.4}{\376\377\000L\000a\000y\000e\000r\000e\000d\000\040\000s\000t\000o\000r\000a\000g\000e}{section.2.5}% 45
\BOOKMARK [1][-]{section.2.6}{\376\377\000T\000e\000c\000h\000n\000o\000l\000o\000g\000y\000\040\000s\000t\000a\000c\000k}{chapter.2}% 46
\BOOKMARK [2][-]{subsection.2.6.1}{\376\377\000O\000p\000e\000r\000a\000t\000i\000o\000n\000a\000l\000\040\000s\000o\000u\000r\000c\000e\000:\000\040\000M\000y\000S\000Q\000L}{section.2.6}% 47
\BOOKMARK [2][-]{subsection.2.6.2}{\376\377\000A\000n\000a\000l\000y\000t\000i\000c\000a\000l\000\040\000w\000a\000r\000e\000h\000o\000u\000s\000e\000:\000\040\000P\000o\000s\000t\000g\000r\000e\000S\000Q\000L\000\040\0001\0006}{section.2.6}% 48
\BOOKMARK [2][-]{subsection.2.6.3}{\376\377\000W\000h\000y\000\040\000P\000o\000s\000t\000g\000r\000e\000S\000Q\000L\000\040\000r\000a\000t\000h\000e\000r\000\040\000t\000h\000a\000n\000\040\000M\000y\000S\000Q\000L\000\040\000f\000o\000r\000\040\000t\000h\000e\000\040\000w\000a\000r\000e\000h\000o\000u\000s\000e}{section.2.6}% 49
\BOOKMARK [2][-]{subsection.2.6.4}{\376\377\000C\000o\000n\000v\000e\000r\000s\000i\000o\000n\000\040\000b\000r\000i\000d\000g\000e\000:\000\040\000M\000y\000S\000Q\000L\000\040\000d\000u\000m\000p\000s\000\040\000t\000o\000\040\000P\000o\000s\000t\000g\000r\000e\000S\000Q\000L}{section.2.6}% 50
\BOOKMARK [2][-]{subsection.2.6.5}{\376\377\000P\000r\000o\000c\000e\000s\000s\000i\000n\000g\000\040\000a\000n\000d\000\040\000o\000r\000c\000h\000e\000s\000t\000r\000a\000t\000i\000o\000n}{section.2.6}% 51
\BOOKMARK [2][-]{subsection.2.6.6}{\376\377\000M\000o\000d\000e\000l\000i\000n\000g\000\040\000a\000n\000d\000\040\000m\000a\000c\000h\000i\000n\000e\000\040\000l\000e\000a\000r\000n\000i\000n\000g}{section.2.6}% 52
\BOOKMARK [2][-]{subsection.2.6.7}{\376\377\000S\000e\000r\000v\000i\000n\000g\000,\000\040\000A\000P\000I\000\040\000a\000n\000d\000\040\000d\000a\000s\000h\000b\000o\000a\000r\000d}{section.2.6}% 53
\BOOKMARK [2][-]{subsection.2.6.8}{\376\377\000C\000l\000o\000u\000d\000\040\000a\000n\000d\000\040\000s\000h\000a\000r\000e\000d\000\040\000c\000o\000l\000l\000a\000b\000o\000r\000a\000t\000i\000o\000n\000\040\000e\000n\000v\000i\000r\000o\000n\000m\000e\000n\000t}{section.2.6}% 54
\BOOKMARK [2][-]{subsection.2.6.9}{\376\377\000J\000u\000s\000t\000i\000f\000i\000c\000a\000t\000i\000o\000n\000\040\000o\000f\000\040\000t\000h\000e\000\040\000t\000e\000c\000h\000n\000o\000l\000o\000g\000y\000\040\000c\000h\000o\000i\000c\000e\000s}{section.2.6}% 55
\BOOKMARK [1][-]{section.2.7}{\376\377\000C\000o\000n\000c\000l\000u\000s\000i\000o\000n}{chapter.2}% 56
\BOOKMARK [0][-]{chapter.3}{\376\377\000D\000a\000t\000a\000\040\000U\000n\000d\000e\000r\000s\000t\000a\000n\000d\000i\000n\000g\000\040\000t\000h\000r\000o\000u\000g\000h\000\040\000S\000t\000a\000g\000i\000n\000g\000-\000L\000a\000y\000e\000r\000\040\000P\000r\000o\000f\000i\000l\000i\000n\000g}{}% 57
\BOOKMARK [1][-]{section.3.1}{\376\377\000I\000n\000t\000r\000o\000d\000u\000c\000t\000i\000o\000n}{chapter.3}% 58
\BOOKMARK [1][-]{section.3.2}{\376\377\000S\000o\000u\000r\000c\000e\000\040\000d\000a\000t\000a\000b\000a\000s\000e\000s\000\040\000o\000f\000\040\000A\000c\000c\000e\000n\000t\000\040\000T\000u\000n\000i\000s\000i\000e}{chapter.3}% 59
\BOOKMARK [2][-]{subsection.3.2.1}{\376\377\000T\000h\000r\000e\000e\000\040\000o\000p\000e\000r\000a\000t\000i\000o\000n\000a\000l\000\040\000M\000y\000S\000Q\000L\000\040\000d\000a\000t\000a\000b\000a\000s\000e\000s}{section.3.2}% 60
\BOOKMARK [2][-]{subsection.3.2.2}{\376\377\000T\000a\000b\000l\000e\000s\000\040\000o\000f\000\040\000i\000n\000t\000e\000r\000e\000s\000t}{section.3.2}% 61
\BOOKMARK [1][-]{section.3.3}{\376\377\000A\000c\000q\000u\000i\000s\000i\000t\000i\000o\000n\000\040\000s\000t\000r\000a\000t\000e\000g\000y}{chapter.3}% 62
\BOOKMARK [2][-]{subsection.3.3.1}{\376\377\000D\000u\000m\000p\000-\000b\000a\000s\000e\000d\000\040\000e\000x\000t\000r\000a\000c\000t\000i\000o\000n\000\040\000f\000r\000o\000m\000\040\000M\000y\000S\000Q\000L}{section.3.3}% 63
\BOOKMARK [2][-]{subsection.3.3.2}{\376\377\000C\000o\000n\000n\000e\000c\000t\000i\000o\000n\000\040\000t\000o\000\040\000t\000h\000e\000\040\000a\000n\000a\000l\000y\000t\000i\000c\000a\000l\000\040\000P\000o\000s\000t\000g\000r\000e\000S\000Q\000L}{section.3.3}% 64
\BOOKMARK [2][-]{subsection.3.3.3}{\376\377\000M\000C\000P\000-\000d\000r\000i\000v\000e\000n\000\040\000e\000x\000p\000l\000o\000r\000a\000t\000i\000o\000n}{section.3.3}% 65
\BOOKMARK [1][-]{section.3.4}{\376\377\000S\000c\000h\000e\000m\000a\000\040\000a\000n\000a\000l\000y\000s\000i\000s\000\040\000o\000f\000\040\000t\000h\000e\000\040\000s\000t\000a\000g\000i\000n\000g\000\040\000l\000a\000y\000e\000r}{chapter.3}% 66
\BOOKMARK [2][-]{subsection.3.4.1}{\376\377\000S\000c\000h\000e\000m\000a\000\040\000i\000n\000s\000p\000e\000c\000t\000i\000o\000n\000\040\000q\000u\000e\000r\000i\000e\000s}{section.3.4}% 67
\BOOKMARK [2][-]{subsection.3.4.2}{\376\377\000V\000o\000l\000u\000m\000e\000t\000r\000i\000c\000\040\000p\000r\000o\000f\000i\000l\000e\000\040\000o\000f\000\040\000t\000h\000e\000\040\000s\000t\000a\000g\000i\000n\000g\000\040\000t\000a\000b\000l\000e\000s}{section.3.4}% 68
\BOOKMARK [2][-]{subsection.3.4.3}{\376\377\000S\000c\000h\000e\000m\000a\000\040\000m\000a\000p}{section.3.4}% 69
\BOOKMARK [1][-]{section.3.5}{\376\377\000D\000a\000t\000a\000\040\000d\000i\000c\000t\000i\000o\000n\000a\000r\000y}{chapter.3}% 70
\BOOKMARK [2][-]{subsection.3.5.1}{\376\377\000M\000e\000t\000h\000o\000d\000o\000l\000o\000g\000y}{section.3.5}% 71
\BOOKMARK [2][-]{subsection.3.5.2}{\376\377\000E\000x\000c\000e\000r\000p\000t\000\040\000o\000f\000\040\000t\000h\000e\000\040\000d\000a\000t\000a\000\040\000d\000i\000c\000t\000i\000o\000n\000a\000r\000y}{section.3.5}% 72
\BOOKMARK [1][-]{section.3.6}{\376\377\000D\000a\000t\000a\000\040\000q\000u\000a\000l\000i\000t\000y\000\040\000a\000s\000s\000e\000s\000s\000m\000e\000n\000t\000\040\000o\000f\000\040\000t\000h\000e\000\040\000s\000t\000a\000g\000i\000n\000g\000\040\000l\000a\000y\000e\000r}{chapter.3}% 73
\BOOKMARK [2][-]{subsection.3.6.1}{\376\377\000C\000o\000m\000p\000l\000e\000t\000e\000n\000e\000s\000s\000\040\000a\000n\000a\000l\000y\000s\000i\000s}{section.3.6}% 74
\BOOKMARK [2][-]{subsection.3.6.2}{\376\377\000V\000a\000l\000i\000d\000i\000t\000y\000\040\000a\000n\000d\000\040\000p\000h\000y\000s\000i\000c\000a\000l\000-\000p\000l\000a\000u\000s\000i\000b\000i\000l\000i\000t\000y\000\040\000c\000h\000e\000c\000k\000s}{section.3.6}% 75
\BOOKMARK [2][-]{subsection.3.6.3}{\376\377\000R\000e\000f\000e\000r\000e\000n\000t\000i\000a\000l\000\040\000i\000n\000t\000e\000g\000r\000i\000t\000y}{section.3.6}% 76
\BOOKMARK [1][-]{section.3.7}{\376\377\000D\000e\000s\000c\000r\000i\000p\000t\000i\000v\000e\000\040\000s\000t\000a\000t\000i\000s\000t\000i\000c\000s\000\040\000o\000n\000\040\000t\000h\000e\000\040\000s\000t\000a\000g\000i\000n\000g\000\040\000l\000a\000y\000e\000r}{chapter.3}% 77
\BOOKMARK [2][-]{subsection.3.7.1}{\376\377\000P\000e\000r\000-\000t\000e\000n\000a\000n\000t\000\040\000s\000c\000o\000p\000e}{section.3.7}% 78
\BOOKMARK [2][-]{subsection.3.7.2}{\376\377\000N\000u\000m\000e\000r\000i\000c\000a\000l\000\040\000s\000u\000m\000m\000a\000r\000y}{section.3.7}% 79
\BOOKMARK [2][-]{subsection.3.7.3}{\376\377\000P\000a\000i\000r\000w\000i\000s\000e\000\040\000c\000o\000r\000r\000e\000l\000a\000t\000i\000o\000n\000s}{section.3.7}% 80
\BOOKMARK [1][-]{section.3.8}{\376\377\000E\000x\000p\000l\000o\000r\000a\000t\000o\000r\000y\000\040\000D\000a\000t\000a\000\040\000A\000n\000a\000l\000y\000s\000i\000s\000\040\000o\000n\000\040\000t\000h\000e\000\040\000s\000t\000a\000g\000i\000n\000g\000\040\000l\000a\000y\000e\000r}{chapter.3}% 81
\BOOKMARK [2][-]{subsection.3.8.1}{\376\377\000P\000r\000o\000f\000i\000l\000e\000\040\000o\000f\000\040\000t\000h\000e\000\040\000h\000i\000g\000h\000-\000f\000r\000e\000q\000u\000e\000n\000c\000y\000\040\000t\000e\000l\000e\000m\000e\000t\000r\000y\000\040\000a\000r\000c\000h\000i\000v\000e}{section.3.8}% 82
\BOOKMARK [2][-]{subsection.3.8.2}{\376\377\000T\000e\000m\000p\000o\000r\000a\000l\000\040\000p\000a\000t\000t\000e\000r\000n\000s}{section.3.8}% 83
\BOOKMARK [2][-]{subsection.3.8.3}{\376\377\000D\000i\000s\000t\000r\000i\000b\000u\000t\000i\000o\000n\000\040\000o\000f\000\040\000t\000h\000e\000\040\000d\000u\000r\000a\000t\000i\000o\000n\000\040\000t\000a\000r\000g\000e\000t}{section.3.8}% 84
\BOOKMARK [2][-]{subsection.3.8.4}{\376\377\000C\000l\000a\000s\000s\000\040\000i\000m\000b\000a\000l\000a\000n\000c\000e\000\040\000o\000f\000\040\000t\000h\000e\000\040\000t\000r\000i\000p\000-\000s\000t\000a\000t\000u\000s\000\040\000f\000l\000a\000g\000s}{section.3.8}% 85
\BOOKMARK [2][-]{subsection.3.8.5}{\376\377\000P\000e\000r\000-\000t\000e\000n\000a\000n\000t\000\040\000b\000e\000h\000a\000v\000i\000o\000u\000r\000a\000l\000\040\000s\000i\000g\000n\000a\000t\000u\000r\000e\000s}{section.3.8}% 86
\BOOKMARK [1][-]{section.3.9}{\376\377\000A\000n\000a\000l\000y\000t\000i\000c\000a\000l\000\040\000s\000y\000n\000t\000h\000e\000s\000i\000s}{chapter.3}% 87
\BOOKMARK [2][-]{subsection.3.9.1}{\376\377\000Q\0001\000:\000\040\000D\000a\000t\000a\000\040\000q\000u\000a\000l\000i\000t\000y\000\040\000a\000n\000d\000\040\000i\000n\000t\000e\000g\000r\000i\000t\000y\000\040\000f\000o\000r\000\040\000r\000e\000l\000i\000a\000b\000l\000e\000\040\000m\000o\000d\000e\000l\000i\000n\000g}{section.3.9}% 88
\BOOKMARK [2][-]{subsection.3.9.2}{\376\377\000Q\0002\000:\000\040\000S\000t\000a\000b\000l\000e\000\040\000t\000e\000m\000p\000o\000r\000a\000l\000\040\000p\000a\000t\000t\000e\000r\000n\000s\000\040\000a\000s\000\040\000f\000e\000a\000t\000u\000r\000e\000s}{section.3.9}% 89
\BOOKMARK [2][-]{subsection.3.9.3}{\376\377\000Q\0003\000:\000\040\000S\000u\000i\000t\000a\000b\000i\000l\000i\000t\000y\000\040\000o\000f\000\040\000t\000h\000e\000\040\000d\000u\000r\000a\000t\000i\000o\000n\000\040\000t\000a\000r\000g\000e\000t\000\040\000f\000o\000r\000\040\000d\000i\000r\000e\000c\000t\000\040\000r\000e\000g\000r\000e\000s\000s\000i\000o\000n}{section.3.9}% 90
\BOOKMARK [2][-]{subsection.3.9.4}{\376\377\000Q\0004\000:\000\040\000M\000a\000n\000a\000g\000e\000a\000b\000i\000l\000i\000t\000y\000\040\000o\000f\000\040\000t\000h\000e\000\040\000s\000t\000a\000t\000u\000s\000\040\000c\000l\000a\000s\000s\000\040\000i\000m\000b\000a\000l\000a\000n\000c\000e}{section.3.9}% 91
\BOOKMARK [1][-]{section.3.10}{\376\377\000S\000y\000n\000t\000h\000e\000s\000i\000s\000\040\000o\000f\000\040\000i\000d\000e\000n\000t\000i\000f\000i\000e\000d\000\040\000d\000a\000t\000a\000\040\000q\000u\000a\000l\000i\000t\000y\000\040\000i\000s\000s\000u\000e\000s}{chapter.3}% 92
\BOOKMARK [1][-]{section.3.11}{\376\377\000C\000o\000n\000c\000l\000u\000s\000i\000o\000n}{chapter.3}% 93
\BOOKMARK [0][-]{chapter.4}{\376\377\000D\000a\000t\000a\000\040\000P\000r\000e\000p\000a\000r\000a\000t\000i\000o\000n\000:\000\040\000C\000o\000n\000v\000e\000r\000s\000i\000o\000n\000,\000\040\000E\000T\000L\000\040\000a\000n\000d\000\040\000F\000e\000a\000t\000u\000r\000e\000\040\000E\000n\000g\000i\000n\000e\000e\000r\000i\000n\000g}{}% 94
\BOOKMARK [1][-]{section.4.1}{\376\377\000I\000n\000t\000r\000o\000d\000u\000c\000t\000i\000o\000n}{chapter.4}% 95
\BOOKMARK [1][-]{section.4.2}{\376\377\000F\000r\000o\000m\000\040\000M\000y\000S\000Q\000L\000\040\000d\000u\000m\000p\000s\000\040\000t\000o\000\040\000a\000\040\000P\000o\000s\000t\000g\000r\000e\000S\000Q\000L\000\040\000s\000t\000a\000g\000i\000n\000g\000\040\000l\000a\000y\000e\000r}{chapter.4}% 96
\BOOKMARK [2][-]{subsection.4.2.1}{\376\377\000R\000a\000t\000i\000o\000n\000a\000l\000e\000\040\000a\000n\000d\000\040\000s\000c\000o\000p\000e}{section.4.2}% 97
\BOOKMARK [2][-]{subsection.4.2.2}{\376\377\000D\000i\000a\000l\000e\000c\000t\000-\000l\000e\000v\000e\000l\000\040\000t\000r\000a\000n\000s\000l\000a\000t\000i\000o\000n}{section.4.2}% 98
\BOOKMARK [2][-]{subsection.4.2.3}{\376\377\000C\000o\000n\000v\000e\000r\000s\000i\000o\000n\000\040\000p\000i\000p\000e\000l\000i\000n\000e}{section.4.2}% 99
\BOOKMARK [2][-]{subsection.4.2.4}{\376\377\000H\000e\000x\000a\000d\000e\000c\000i\000m\000a\000l\000\040\000p\000a\000y\000l\000o\000a\000d\000s\000\040\000o\000f\000\040\000t\000h\000e\000\040\000r\000a\000w\000\040\000t\000e\000l\000e\000m\000e\000t\000r\000y\000\040\000d\000a\000t\000a\000b\000a\000s\000e}{section.4.2}% 100
\BOOKMARK [1][-]{section.4.3}{\376\377\000P\000i\000p\000e\000l\000i\000n\000e\000\040\000a\000r\000c\000h\000i\000t\000e\000c\000t\000u\000r\000e}{chapter.4}% 101
\BOOKMARK [2][-]{subsection.4.3.1}{\376\377\000P\000i\000p\000e\000l\000i\000n\000e\000\040\000s\000t\000a\000g\000e\000s}{section.4.3}% 102
\BOOKMARK [2][-]{subsection.4.3.2}{\376\377\000W\000a\000t\000e\000r\000m\000a\000r\000k\000-\000d\000r\000i\000v\000e\000n\000\040\000i\000n\000c\000r\000e\000m\000e\000n\000t\000a\000l\000\040\000p\000r\000o\000c\000e\000s\000s\000i\000n\000g}{section.4.3}% 103
\BOOKMARK [2][-]{subsection.4.3.3}{\376\377\000I\000d\000e\000m\000p\000o\000t\000e\000n\000c\000y\000\040\000a\000n\000d\000\040\000r\000e\000p\000l\000a\000y}{section.4.3}% 104
\BOOKMARK [1][-]{section.4.4}{\376\377\000C\000l\000e\000a\000n\000i\000n\000g\000\040\000r\000u\000l\000e\000\040\000e\000n\000g\000i\000n\000e}{chapter.4}% 105
\BOOKMARK [2][-]{subsection.4.4.1}{\376\377\000R\000u\000l\000e\000\040\000c\000a\000t\000a\000l\000o\000g\000u\000e}{section.4.4}% 106
\BOOKMARK [2][-]{subsection.4.4.2}{\376\377\000I\000m\000p\000l\000e\000m\000e\000n\000t\000a\000t\000i\000o\000n\000\040\000p\000a\000t\000t\000e\000r\000n}{section.4.4}% 107
\BOOKMARK [2][-]{subsection.4.4.3}{\376\377\000Q\000u\000a\000r\000a\000n\000t\000i\000n\000e\000\040\000t\000a\000b\000l\000e}{section.4.4}% 108
\BOOKMARK [1][-]{section.4.5}{\376\377\000D\000i\000m\000e\000n\000s\000i\000o\000n\000a\000l\000\040\000m\000o\000d\000e\000l\000i\000n\000g\000\040\000o\000f\000\040\000t\000h\000e\000\040\000w\000a\000r\000e\000h\000o\000u\000s\000e}{chapter.4}% 109
\BOOKMARK [2][-]{subsection.4.5.1}{\376\377\000D\000i\000m\000e\000n\000s\000i\000o\000n\000s}{section.4.5}% 110
\BOOKMARK [2][-]{subsection.4.5.2}{\376\377\000F\000a\000c\000t\000s}{section.4.5}% 111
\BOOKMARK [2][-]{subsection.4.5.3}{\376\377\000U\000P\000S\000E\000R\000T\000\040\000p\000a\000t\000t\000e\000r\000n}{section.4.5}% 112
\BOOKMARK [1][-]{section.4.6}{\376\377\000A\000n\000a\000l\000y\000t\000i\000c\000a\000l\000\040\000m\000a\000r\000t\000s}{chapter.4}% 113
\BOOKMARK [2][-]{subsection.4.6.1}{\376\377\000B\000e\000h\000a\000v\000i\000o\000u\000r\000\040\000m\000a\000r\000t}{section.4.6}% 114
\BOOKMARK [2][-]{subsection.4.6.2}{\376\377\000T\000e\000l\000e\000m\000e\000t\000r\000y\000\040\000m\000a\000r\000t}{section.4.6}% 115
\BOOKMARK [2][-]{subsection.4.6.3}{\376\377\000B\000I\000\040\000m\000a\000r\000t\000s}{section.4.6}% 116
\BOOKMARK [2][-]{subsection.4.6.4}{\376\377\000U\000n\000i\000f\000i\000e\000d\000\040\000M\000L\000\040\000v\000i\000e\000w}{section.4.6}% 117
\BOOKMARK [1][-]{section.4.7}{\376\377\000F\000e\000a\000t\000u\000r\000e\000\040\000e\000n\000g\000i\000n\000e\000e\000r\000i\000n\000g}{chapter.4}% 118
\BOOKMARK [2][-]{subsection.4.7.1}{\376\377\000F\000e\000a\000t\000u\000r\000e\000\040\000r\000e\000g\000i\000s\000t\000r\000y}{section.4.7}% 119
\BOOKMARK [2][-]{subsection.4.7.2}{\376\377\000A\000g\000g\000r\000e\000g\000a\000t\000i\000o\000n\000\040\000s\000t\000r\000a\000t\000e\000g\000y}{section.4.7}% 120
\BOOKMARK [2][-]{subsection.4.7.3}{\376\377\000T\000r\000a\000n\000s\000f\000o\000r\000m\000a\000t\000i\000o\000n\000s}{section.4.7}% 121
\BOOKMARK [1][-]{section.4.8}{\376\377\000V\000a\000l\000i\000d\000a\000t\000i\000o\000n\000\040\000o\000f\000\040\000t\000h\000e\000\040\000p\000r\000e\000p\000a\000r\000e\000d\000\040\000d\000a\000t\000a\000s\000e\000t}{chapter.4}% 122
\BOOKMARK [2][-]{subsection.4.8.1}{\376\377\000V\000a\000l\000i\000d\000a\000t\000i\000o\000n\000\040\000s\000u\000i\000t\000e\000\040\000d\000e\000s\000i\000g\000n}{section.4.8}% 123
\BOOKMARK [2][-]{subsection.4.8.2}{\376\377\000F\000i\000n\000a\000l\000\040\000d\000a\000t\000a\000s\000e\000t\000\040\000s\000u\000m\000m\000a\000r\000y}{section.4.8}% 124
\BOOKMARK [1][-]{section.4.9}{\376\377\000C\000o\000n\000c\000l\000u\000s\000i\000o\000n}{chapter.4}% 125
\BOOKMARK [0][-]{chapter.5}{\376\377\000M\000o\000d\000e\000l\000i\000n\000g\000\040\000a\000n\000d\000\040\000E\000v\000a\000l\000u\000a\000t\000i\000o\000n\000\040\000o\000f\000\040\000D\000e\000v\000i\000c\000e\000\040\000B\000e\000h\000a\000v\000i\000o\000u\000r\000\040\000S\000i\000g\000n\000a\000l\000s}{}% 126
\BOOKMARK [1][-]{section.5.1}{\376\377\000I\000n\000t\000r\000o\000d\000u\000c\000t\000i\000o\000n}{chapter.5}% 127
\BOOKMARK [1][-]{section.5.2}{\376\377\000R\000e\000f\000o\000r\000m\000u\000l\000a\000t\000i\000o\000n\000\040\000o\000f\000\040\000t\000h\000e\000\040\000M\000o\000d\000e\000l\000i\000n\000g\000\040\000P\000r\000o\000b\000l\000e\000m}{chapter.5}% 128
\BOOKMARK [2][-]{subsection.5.2.1}{\376\377\000I\000n\000i\000t\000i\000a\000l\000\040\000t\000a\000r\000g\000e\000t}{section.5.2}% 129
\BOOKMARK [2][-]{subsection.5.2.2}{\376\377\000E\000v\000i\000d\000e\000n\000c\000e\000\040\000f\000r\000o\000m\000\040\000t\000h\000e\000\040\000d\000a\000t\000a\000\040\000u\000n\000d\000e\000r\000s\000t\000a\000n\000d\000i\000n\000g\000\040\000p\000h\000a\000s\000e}{section.5.2}% 130
\BOOKMARK [2][-]{subsection.5.2.3}{\376\377\000A\000d\000o\000p\000t\000e\000d\000\040\000m\000o\000d\000e\000l\000i\000n\000g\000\040\000o\000b\000j\000e\000c\000t\000i\000v\000e}{section.5.2}% 131
\BOOKMARK [1][-]{section.5.3}{\376\377\000M\000o\000d\000e\000l\000i\000n\000g\000\040\000D\000a\000t\000a\000s\000e\000t\000\040\000a\000n\000d\000\040\000P\000r\000o\000t\000o\000c\000o\000l}{chapter.5}% 132
\BOOKMARK [2][-]{subsection.5.3.1}{\376\377\000I\000n\000p\000u\000t\000\040\000v\000i\000e\000w}{section.5.3}% 133
\BOOKMARK [2][-]{subsection.5.3.2}{\376\377\000F\000i\000l\000t\000e\000r\000i\000n\000g\000\040\000r\000u\000l\000e\000s}{section.5.3}% 134
\BOOKMARK [2][-]{subsection.5.3.3}{\376\377\000T\000e\000n\000a\000n\000t\000-\000a\000w\000a\000r\000e\000\040\000f\000i\000t\000t\000i\000n\000g}{section.5.3}% 135
\BOOKMARK [2][-]{subsection.5.3.4}{\376\377\000R\000e\000p\000r\000o\000d\000u\000c\000i\000b\000i\000l\000i\000t\000y}{section.5.3}% 136
\BOOKMARK [1][-]{section.5.4}{\376\377\000C\000a\000n\000d\000i\000d\000a\000t\000e\000\040\000M\000o\000d\000e\000l\000i\000n\000g\000\040\000T\000e\000c\000h\000n\000i\000q\000u\000e\000s}{chapter.5}% 137
\BOOKMARK [2][-]{subsection.5.4.1}{\376\377\000R\000u\000l\000e\000\040\000a\000n\000d\000\040\000s\000t\000a\000t\000i\000s\000t\000i\000c\000a\000l\000\040\000b\000a\000s\000e\000l\000i\000n\000e\000s}{section.5.4}% 138
\BOOKMARK [2][-]{subsection.5.4.2}{\376\377\000K\000-\000M\000e\000a\000n\000s\000\040\000c\000l\000u\000s\000t\000e\000r\000i\000n\000g}{section.5.4}% 139
\BOOKMARK [2][-]{subsection.5.4.3}{\376\377\000A\000l\000t\000e\000r\000n\000a\000t\000i\000v\000e\000\040\000c\000l\000u\000s\000t\000e\000r\000i\000n\000g\000\040\000m\000e\000t\000h\000o\000d\000s}{section.5.4}% 140
\BOOKMARK [2][-]{subsection.5.4.4}{\376\377\000A\000n\000o\000m\000a\000l\000y\000\040\000s\000c\000o\000r\000i\000n\000g}{section.5.4}% 141
\BOOKMARK [2][-]{subsection.5.4.5}{\376\377\000D\000e\000f\000e\000r\000r\000e\000d\000\040\000c\000a\000n\000d\000i\000d\000a\000t\000e\000s}{section.5.4}% 142
\BOOKMARK [1][-]{section.5.5}{\376\377\000E\000v\000a\000l\000u\000a\000t\000i\000o\000n\000\040\000D\000e\000s\000i\000g\000n}{chapter.5}% 143
\BOOKMARK [2][-]{subsection.5.5.1}{\376\377\000C\000R\000I\000S\000P\000-\000D\000M\000\040\000e\000v\000a\000l\000u\000a\000t\000i\000o\000n\000\040\000g\000a\000t\000e\000s}{section.5.5}% 144
\BOOKMARK [2][-]{subsection.5.5.2}{\376\377\000E\000x\000t\000e\000r\000n\000a\000l\000\040\000v\000a\000l\000i\000d\000a\000t\000i\000o\000n\000\040\000l\000i\000m\000i\000t\000a\000t\000i\000o\000n}{section.5.5}% 145
\BOOKMARK [2][-]{subsection.5.5.3}{\376\377\000F\000a\000l\000l\000b\000a\000c\000k\000\040\000v\000a\000l\000i\000d\000a\000t\000i\000o\000n}{section.5.5}% 146
\BOOKMARK [1][-]{section.5.6}{\376\377\000E\000x\000p\000e\000r\000i\000m\000e\000n\000t\000a\000l\000\040\000R\000e\000s\000u\000l\000t\000s}{chapter.5}% 147
\BOOKMARK [2][-]{subsection.5.6.1}{\376\377\000C\000l\000u\000s\000t\000e\000r\000\040\000q\000u\000a\000l\000i\000t\000y}{section.5.6}% 148
\BOOKMARK [2][-]{subsection.5.6.2}{\376\377\000R\000i\000s\000k\000-\000s\000c\000o\000r\000e\000\040\000i\000n\000t\000e\000r\000n\000a\000l\000\040\000c\000o\000n\000s\000i\000s\000t\000e\000n\000c\000y}{section.5.6}% 149
\BOOKMARK [2][-]{subsection.5.6.3}{\376\377\000T\000e\000m\000p\000o\000r\000a\000l\000\040\000s\000t\000a\000b\000i\000l\000i\000t\000y}{section.5.6}% 150
\BOOKMARK [1][-]{section.5.7}{\376\377\000M\000o\000d\000e\000l\000\040\000D\000e\000c\000i\000s\000i\000o\000n\000\040\000a\000n\000d\000\040\000F\000i\000n\000a\000l\000\040\000J\000u\000s\000t\000i\000f\000i\000c\000a\000t\000i\000o\000n}{chapter.5}% 151
\BOOKMARK [2][-]{subsection.5.7.1}{\376\377\000D\000e\000c\000i\000s\000i\000o\000n\000\040\000t\000a\000b\000l\000e}{section.5.7}% 152
\BOOKMARK [2][-]{subsection.5.7.2}{\376\377\000W\000h\000y\000\040\000t\000h\000e\000\040\000f\000i\000n\000a\000l\000\040\000s\000o\000l\000u\000t\000i\000o\000n\000\040\000i\000s\000\040\000m\000i\000x\000e\000d}{section.5.7}% 153
\BOOKMARK [2][-]{subsection.5.7.3}{\376\377\000O\000p\000e\000r\000a\000t\000i\000o\000n\000a\000l\000\040\000c\000a\000v\000e\000a\000t}{section.5.7}% 154
\BOOKMARK [1][-]{section.5.8}{\376\377\000M\000o\000d\000e\000l\000\040\000O\000u\000t\000p\000u\000t\000s\000\040\000f\000o\000r\000\040\000D\000e\000p\000l\000o\000y\000m\000e\000n\000t}{chapter.5}% 155
\BOOKMARK [1][-]{section.5.9}{\376\377\000C\000o\000n\000c\000l\000u\000s\000i\000o\000n}{chapter.5}% 156
\BOOKMARK [0][-]{chapter.6}{\376\377\000D\000e\000p\000l\000o\000y\000m\000e\000n\000t\000,\000\040\000A\000P\000I\000,\000\040\000D\000a\000s\000h\000b\000o\000a\000r\000d\000\040\000a\000n\000d\000\040\000A\000z\000u\000r\000e\000\040\000O\000p\000e\000r\000a\000t\000i\000o\000n\000s}{}% 157
\BOOKMARK [1][-]{section.6.1}{\376\377\000I\000n\000t\000r\000o\000d\000u\000c\000t\000i\000o\000n}{chapter.6}% 158
\BOOKMARK [1][-]{section.6.2}{\376\377\000D\000e\000p\000l\000o\000y\000m\000e\000n\000t\000\040\000s\000t\000r\000a\000t\000e\000g\000y}{chapter.6}% 159
\BOOKMARK [2][-]{subsection.6.2.1}{\376\377\000I\000n\000d\000u\000s\000t\000r\000i\000a\000l\000i\000z\000a\000t\000i\000o\000n\000\040\000p\000r\000i\000n\000c\000i\000p\000l\000e\000s}{section.6.2}% 160
\BOOKMARK [2][-]{subsection.6.2.2}{\376\377\000O\000p\000e\000r\000a\000t\000i\000n\000g\000\040\000m\000o\000d\000e\000s}{section.6.2}% 161
\BOOKMARK [1][-]{section.6.3}{\376\377\000M\000i\000c\000r\000o\000s\000o\000f\000t\000\040\000A\000z\000u\000r\000e\000\040\000i\000n\000f\000r\000a\000s\000t\000r\000u\000c\000t\000u\000r\000e}{chapter.6}% 162
\BOOKMARK [2][-]{subsection.6.3.1}{\376\377\000A\000z\000u\000r\000e\000\040\000V\000i\000r\000t\000u\000a\000l\000\040\000M\000a\000c\000h\000i\000n\000e}{section.6.3}% 163
\BOOKMARK [2][-]{subsection.6.3.2}{\376\377\000N\000e\000t\000w\000o\000r\000k\000\040\000S\000e\000c\000u\000r\000i\000t\000y\000\040\000G\000r\000o\000u\000p\000\040\000a\000n\000d\000\040\000I\000P\000\040\000a\000l\000l\000o\000w\000l\000i\000s\000t}{section.6.3}% 164
\BOOKMARK [2][-]{subsection.6.3.3}{\376\377\000S\000e\000c\000u\000r\000e\000\040\000r\000e\000m\000o\000t\000e\000\040\000c\000o\000l\000l\000a\000b\000o\000r\000a\000t\000i\000o\000n\000\040\000v\000i\000a\000\040\000S\000S\000H\000\040\000t\000u\000n\000n\000e\000l\000l\000i\000n\000g}{section.6.3}% 165
\BOOKMARK [2][-]{subsection.6.3.4}{\376\377\000S\000e\000r\000v\000i\000c\000e\000\040\000a\000c\000c\000o\000u\000n\000t\000s}{section.6.3}% 166
\BOOKMARK [1][-]{section.6.4}{\376\377\000P\000o\000s\000t\000g\000r\000e\000S\000Q\000L\000\040\000i\000n\000t\000e\000g\000r\000a\000t\000i\000o\000n}{chapter.6}% 167
\BOOKMARK [2][-]{subsection.6.4.1}{\376\377\000A\000n\000a\000l\000y\000t\000i\000c\000a\000l\000\040\000P\000o\000s\000t\000g\000r\000e\000S\000Q\000L\000\040\000o\000n\000\040\000t\000h\000e\000\040\000V\000M}{section.6.4}% 168
\BOOKMARK [2][-]{subsection.6.4.2}{\376\377\000C\000o\000n\000n\000e\000c\000t\000i\000o\000n\000\040\000m\000a\000n\000a\000g\000e\000m\000e\000n\000t}{section.6.4}% 169
\BOOKMARK [2][-]{subsection.6.4.3}{\376\377\000B\000a\000c\000k\000u\000p\000s\000\040\000a\000n\000d\000\040\000s\000n\000a\000p\000s\000h\000o\000t\000s}{section.6.4}% 170
\BOOKMARK [1][-]{section.6.5}{\376\377\000A\000P\000I\000\040\000a\000n\000d\000\040\000b\000a\000c\000k\000e\000n\000d}{chapter.6}% 171
\BOOKMARK [2][-]{subsection.6.5.1}{\376\377\000A\000P\000I\000\040\000d\000e\000s\000i\000g\000n}{section.6.5}% 172
\BOOKMARK [2][-]{subsection.6.5.2}{\376\377\000B\000a\000c\000k\000e\000n\000d\000\040\000a\000r\000c\000h\000i\000t\000e\000c\000t\000u\000r\000e}{section.6.5}% 173
\BOOKMARK [2][-]{subsection.6.5.3}{\376\377\000R\000e\000v\000e\000r\000s\000e\000\040\000p\000r\000o\000x\000y\000\040\000a\000n\000d\000\040\000T\000L\000S}{section.6.5}% 174
\BOOKMARK [1][-]{section.6.6}{\376\377\000D\000a\000s\000h\000b\000o\000a\000r\000d\000\040\000a\000n\000d\000\040\000f\000r\000o\000n\000t\000e\000n\000d}{chapter.6}% 175
\BOOKMARK [2][-]{subsection.6.6.1}{\376\377\000D\000a\000s\000h\000b\000o\000a\000r\000d\000\040\000i\000m\000p\000l\000e\000m\000e\000n\000t\000a\000t\000i\000o\000n}{section.6.6}% 176
\BOOKMARK [2][-]{subsection.6.6.2}{\376\377\000P\000a\000g\000e\000s\000\040\000a\000n\000d\000\040\000v\000i\000s\000u\000a\000l\000i\000z\000a\000t\000i\000o\000n\000s}{section.6.6}% 177
\BOOKMARK [1][-]{section.6.7}{\376\377\000A\000u\000t\000o\000m\000a\000t\000i\000o\000n}{chapter.6}% 178
\BOOKMARK [2][-]{subsection.6.7.1}{\376\377\000C\000r\000o\000n\000\040\000e\000n\000t\000r\000y}{section.6.7}% 179
\BOOKMARK [2][-]{subsection.6.7.2}{\376\377\000P\000r\000e\000f\000e\000c\000t\000\040\000f\000l\000o\000w}{section.6.7}% 180
\BOOKMARK [2][-]{subsection.6.7.3}{\376\377\000B\000a\000c\000k\000f\000i\000l\000l\000\040\000o\000r\000c\000h\000e\000s\000t\000r\000a\000t\000i\000o\000n}{section.6.7}% 181
\BOOKMARK [2][-]{subsection.6.7.4}{\376\377\000T\000e\000l\000e\000m\000e\000t\000r\000y\000\040\000r\000e\000c\000o\000n\000s\000t\000r\000u\000c\000t\000i\000o\000n\000\040\000f\000o\000r\000\040\000t\000e\000n\000a\000n\000t\000\040\0007\0004\0008\0006}{section.6.7}% 182
\BOOKMARK [1][-]{section.6.8}{\376\377\000M\000o\000n\000i\000t\000o\000r\000i\000n\000g\000\040\000a\000n\000d\000\040\000a\000l\000e\000r\000t\000i\000n\000g}{chapter.6}% 183
\BOOKMARK [2][-]{subsection.6.8.1}{\376\377\000R\000u\000n\000\040\000l\000o\000g\000\040\000a\000n\000d\000\040\000l\000i\000n\000e\000a\000g\000e}{section.6.8}% 184
\BOOKMARK [2][-]{subsection.6.8.2}{\376\377\000D\000a\000t\000a\000\040\000q\000u\000a\000l\000i\000t\000y\000\040\000m\000o\000n\000i\000t\000o\000r\000i\000n\000g}{section.6.8}% 185
\BOOKMARK [2][-]{subsection.6.8.3}{\376\377\000M\000o\000d\000e\000l\000\040\000d\000r\000i\000f\000t\000\040\000m\000o\000n\000i\000t\000o\000r\000i\000n\000g}{section.6.8}% 186
\BOOKMARK [2][-]{subsection.6.8.4}{\376\377\000A\000l\000e\000r\000t\000i\000n\000g}{section.6.8}% 187
\BOOKMARK [2][-]{subsection.6.8.5}{\376\377\000O\000p\000e\000r\000a\000t\000i\000o\000n\000s\000\040\000r\000u\000n\000b\000o\000o\000k}{section.6.8}% 188
\BOOKMARK [1][-]{section.6.9}{\376\377\000P\000r\000o\000d\000u\000c\000t\000i\000o\000n\000\040\000d\000e\000p\000l\000o\000y\000m\000e\000n\000t\000\040\000w\000o\000r\000k\000f\000l\000o\000w}{chapter.6}% 189
\BOOKMARK [2][-]{subsection.6.9.1}{\376\377\000C\000o\000d\000e\000\040\000d\000e\000p\000l\000o\000y\000m\000e\000n\000t}{section.6.9}% 190
\BOOKMARK [2][-]{subsection.6.9.2}{\376\377\000D\000a\000t\000a\000b\000a\000s\000e\000\040\000m\000i\000g\000r\000a\000t\000i\000o\000n\000s}{section.6.9}% 191
\BOOKMARK [2][-]{subsection.6.9.3}{\376\377\000M\000o\000d\000e\000l\000\040\000d\000e\000p\000l\000o\000y\000m\000e\000n\000t}{section.6.9}% 192
\BOOKMARK [2][-]{subsection.6.9.4}{\376\377\000D\000i\000a\000g\000r\000a\000m\000\040\000o\000f\000\040\000t\000h\000e\000\040\000d\000e\000p\000l\000o\000y\000m\000e\000n\000t\000\040\000p\000i\000p\000e\000l\000i\000n\000e}{section.6.9}% 193
\BOOKMARK [1][-]{section.6.10}{\376\377\000C\000o\000n\000c\000l\000u\000s\000i\000o\000n}{chapter.6}% 194
\BOOKMARK [0][-]{chapter*.40}{\376\377\000G\000e\000n\000e\000r\000a\000l\000\040\000C\000o\000n\000c\000l\000u\000s\000i\000o\000n}{}% 195
\BOOKMARK [0][-]{chapter*.41}{\376\377\000B\000i\000b\000l\000i\000o\000g\000r\000a\000p\000h\000y}{}% 196
\BOOKMARK [0][-]{appendix.A}{\376\377\000S\000Q\000L\000\040\000E\000x\000p\000l\000o\000r\000a\000t\000i\000o\000n\000\040\000S\000c\000r\000i\000p\000t\000s}{}% 197
\BOOKMARK [1][-]{section.A.1}{\376\377\000S\000c\000h\000e\000m\000a\000\040\000i\000n\000s\000p\000e\000c\000t\000i\000o\000n}{appendix.A}% 198
\BOOKMARK [1][-]{section.A.2}{\376\377\000D\000a\000t\000a\000\040\000p\000r\000o\000f\000i\000l\000i\000n\000g}{appendix.A}% 199
\BOOKMARK [1][-]{section.A.3}{\376\377\000N\000u\000l\000l\000\040\000a\000n\000a\000l\000y\000s\000i\000s}{appendix.A}% 200
\BOOKMARK [1][-]{section.A.4}{\376\377\000D\000i\000s\000t\000r\000i\000b\000u\000t\000i\000o\000n\000s}{appendix.A}% 201
\BOOKMARK [1][-]{section.A.5}{\376\377\000K\000P\000I\000\040\000e\000x\000t\000r\000a\000c\000t\000i\000o\000n}{appendix.A}% 202
\BOOKMARK [1][-]{section.A.6}{\376\377\000M\000e\000t\000a\000d\000a\000t\000a\000\040\000a\000n\000a\000l\000y\000s\000i\000s}{appendix.A}% 203
\BOOKMARK [1][-]{section.A.7}{\376\377\000V\000a\000l\000i\000d\000a\000t\000i\000o\000n\000\040\000s\000u\000i\000t\000e}{appendix.A}% 204
\BOOKMARK [0][-]{appendix.B}{\376\377\000P\000y\000t\000h\000o\000n\000\040\000S\000c\000r\000i\000p\000t\000s\000\040\000a\000n\000d\000\040\000F\000i\000g\000u\000r\000e\000\040\000G\000e\000n\000e\000r\000a\000t\000i\000o\000n}{}% 205
\BOOKMARK [1][-]{section.B.1}{\376\377\000A\000u\000t\000o\000m\000a\000t\000e\000d\000\040\000e\000x\000t\000r\000a\000c\000t\000i\000o\000n\000\040\000t\000o\000\040\000C\000S\000V}{appendix.B}% 206
\BOOKMARK [1][-]{section.B.2}{\376\377\000F\000i\000g\000u\000r\000e\000\040\000g\000e\000n\000e\000r\000a\000t\000i\000o\000n}{appendix.B}% 207
\BOOKMARK [1][-]{section.B.3}{\376\377\000M\000o\000d\000e\000l\000i\000n\000g\000\040\000s\000c\000r\000i\000p\000t\000s}{appendix.B}% 208
\BOOKMARK [0][-]{appendix.C}{\376\377\000A\000z\000u\000r\000e\000\040\000O\000p\000e\000r\000a\000t\000i\000o\000n\000s\000\040\000R\000u\000n\000b\000o\000o\000k}{}% 209
\BOOKMARK [1][-]{section.C.1}{\376\377\000V\000M\000\040\000p\000r\000o\000v\000i\000s\000i\000o\000n\000i\000n\000g}{appendix.C}% 210
\BOOKMARK [2][-]{subsection.C.1.1}{\376\377\000V\000M\000\040\000s\000p\000e\000c\000i\000f\000i\000c\000a\000t\000i\000o\000n}{section.C.1}% 211
\BOOKMARK [2][-]{subsection.C.1.2}{\376\377\000N\000e\000t\000w\000o\000r\000k\000\040\000S\000e\000c\000u\000r\000i\000t\000y\000\040\000G\000r\000o\000u\000p}{section.C.1}% 212
\BOOKMARK [2][-]{subsection.C.1.3}{\376\377\000I\000P\000\040\000a\000l\000l\000o\000w\000l\000i\000s\000t\000\040\000m\000a\000n\000a\000g\000e\000m\000e\000n\000t}{section.C.1}% 213
\BOOKMARK [1][-]{section.C.2}{\376\377\000S\000S\000H\000\040\000a\000c\000c\000e\000s\000s}{appendix.C}% 214
\BOOKMARK [2][-]{subsection.C.2.1}{\376\377\000A\000c\000c\000o\000u\000n\000t\000\040\000t\000y\000p\000e\000s}{section.C.2}% 215
\BOOKMARK [2][-]{subsection.C.2.2}{\376\377\000S\000S\000H\000\040\000t\000u\000n\000n\000e\000l}{section.C.2}% 216
\BOOKMARK [2][-]{subsection.C.2.3}{\376\377\000K\000e\000y\000\040\000r\000o\000t\000a\000t\000i\000o\000n}{section.C.2}% 217
\BOOKMARK [1][-]{section.C.3}{\376\377\000P\000i\000p\000e\000l\000i\000n\000e\000\040\000o\000p\000e\000r\000a\000t\000i\000o\000n\000s}{appendix.C}% 218
\BOOKMARK [2][-]{subsection.C.3.1}{\376\377\000C\000r\000o\000n\000\040\000e\000n\000t\000r\000y}{section.C.3}% 219
\BOOKMARK [2][-]{subsection.C.3.2}{\376\377\000I\000n\000s\000p\000e\000c\000t\000i\000n\000g\000\040\000t\000h\000e\000\040\000r\000u\000n\000\040\000l\000o\000g}{section.C.3}% 220
\BOOKMARK [2][-]{subsection.C.3.3}{\376\377\000T\000r\000i\000g\000g\000e\000r\000i\000n\000g\000\040\000a\000\040\000b\000a\000c\000k\000f\000i\000l\000l}{section.C.3}% 221
\BOOKMARK [1][-]{section.C.4}{\376\377\000D\000a\000t\000a\000b\000a\000s\000e\000\040\000o\000p\000e\000r\000a\000t\000i\000o\000n\000s}{appendix.C}% 222
\BOOKMARK [2][-]{subsection.C.4.1}{\376\377\000B\000a\000c\000k\000u\000p}{section.C.4}% 223
\BOOKMARK [2][-]{subsection.C.4.2}{\376\377\000C\000r\000e\000d\000e\000n\000t\000i\000a\000l\000\040\000r\000o\000t\000a\000t\000i\000o\000n}{section.C.4}% 224
\BOOKMARK [1][-]{section.C.5}{\376\377\000A\000P\000I\000\040\000a\000n\000d\000\040\000d\000a\000s\000h\000b\000o\000a\000r\000d\000\040\000o\000p\000e\000r\000a\000t\000i\000o\000n\000s}{appendix.C}% 225
\BOOKMARK [2][-]{subsection.C.5.1}{\376\377\000S\000e\000r\000v\000i\000c\000e\000\040\000m\000a\000n\000a\000g\000e\000m\000e\000n\000t}{section.C.5}% 226
\BOOKMARK [2][-]{subsection.C.5.2}{\376\377\000T\000L\000S\000\040\000c\000e\000r\000t\000i\000f\000i\000c\000a\000t\000e\000\040\000r\000e\000n\000e\000w\000a\000l}{section.C.5}% 227
\BOOKMARK [1][-]{section.C.6}{\376\377\000M\000o\000n\000i\000t\000o\000r\000i\000n\000g\000\040\000a\000n\000d\000\040\000a\000l\000e\000r\000t\000i\000n\000g}{appendix.C}% 228
\BOOKMARK [2][-]{subsection.C.6.1}{\376\377\000P\000i\000p\000e\000l\000i\000n\000e\000\040\000a\000l\000e\000r\000t\000s}{section.C.6}% 229
\BOOKMARK [2][-]{subsection.C.6.2}{\376\377\000D\000a\000t\000a\000\040\000q\000u\000a\000l\000i\000t\000y\000\040\000a\000l\000e\000r\000t\000s}{section.C.6}% 230
\BOOKMARK [2][-]{subsection.C.6.3}{\376\377\000D\000r\000i\000f\000t\000\040\000a\000l\000e\000r\000t\000s}{section.C.6}% 231
